<?xml version="1.0" encoding="UTF-8"?>
<!-- Generated by org.testng.reporters.JUnitReportReporter -->
<testsuite hostname="Venkateshs-MacBook-Pro.local" failures="0" tests="1" name="runner.RunCuke" time="82.077" errors="0" timestamp="2025-01-01T17:36:11 IST" skipped="0">
  <testcase classname="runner.RunCuke" name="runScenario" time="82.077"/>
</testsuite> <!-- runner.RunCuke -->
